<?xml version="1.0" encoding="UTF-8"?>
<!-- Generated by org.testng.reporters.JUnitXMLReporter -->
<testsuite ignored="0" hostname="MBP-Joanna.lan" failures="1" tests="9" name="Surefire test" time="17.937" errors="0" timestamp="2022-01-31T18:54:35 CET">
  <testcase classname="DynamicLoadingPageTests" name="checkLoadingBarDisplay" time="0.241"/>
  <testcase classname="DynamicLoadingPageTests" name="checkConfirmationText" time="5.065"/>
  <testcase classname="HomePageTests" name="checkDescriptionHeaderText" time="0.099">
    <failure type="java.lang.AssertionError" message="expected [Available Examples!!!!!] but found [Available Examples]">
      <![CDATA[java.lang.AssertionError: expected [Available Examples!!!!!] but found [Available Examples]
at HomePageTests.checkDescriptionHeaderText(HomePageTests.java:28)
at java.base/java.util.ArrayList.forEach(ArrayList.java:1541)
... Removed 38 stack frames]]>
    </failure>
  </testcase> <!-- checkDescriptionHeaderText -->
  <testcase classname="HomePageTests" name="checkMainHeaderText" time="0.025"/>
  <testcase classname="LinkRedirectionPageTest" name="moveFromHomePageToAnother" time="2.115"/>
  <testcase classname="LinkRedirectionPageTest" name="checkThatStatus200IsDisplayed" time="0.236"/>
  <testcase classname="LinkRedirectionPageTest" name="moveFromListStatusesPageTo200StatusDescription" time="0.421"/>
  <testcase classname="LinkRedirectionPageTest" name="checkStatusDescription" time="0.214"/>
  <testcase classname="LinkRedirectionPageTest" name="checkReturnToHomePage" time="0.435"/>
</testsuite> <!-- Surefire test -->
