-------------------------------------------------------------------------------
Test set: TestSuite
-------------------------------------------------------------------------------
Tests run: 9, Failures: 1, Errors: 0, Skipped: 0, Time elapsed: 18.533 s <<< FAILURE! - in TestSuite
HomePageTests.checkDescriptionHeaderText  Time elapsed: 0.081 s  <<< FAILURE!
java.lang.AssertionError: expected [Available Examples!!!!!] but found [Available Examples]
	at HomePageTests.checkDescriptionHeaderText(HomePageTests.java:28)

