-------------------------------------------------------------------------------
Test set: TestSuite
-------------------------------------------------------------------------------
Tests run: 3, Failures: 1, Errors: 0, Skipped: 0, Time elapsed: 14.616 s <<< FAILURE! - in TestSuite
sampleshop.pages.HomePageTests.testWillFail  Time elapsed: 0.002 s  <<< FAILURE!
java.lang.AssertionError: expected [2] but found [1]
	at sampleshop.pages.HomePageTests.testWillFail(HomePageTests.java:17)

