<?xml version="1.0" encoding="UTF-8"?>
<testng-results ignored="0" total="9" passed="8" failed="1" skipped="0">
  <reporter-output>
  </reporter-output>
  <suite started-at="2022-01-31T18:54:17 CET" name="Surefire suite" finished-at="2022-01-31T18:54:35 CET" duration-ms="17937">
    <groups>
    </groups>
    <test started-at="2022-01-31T18:54:17 CET" name="Surefire test" finished-at="2022-01-31T18:54:35 CET" duration-ms="17937">
      <class name="LinkRedirectionPageTest">
        <test-method is-config="true" signature="setUp()[pri:0, instance:LinkRedirectionPageTest@71e9ddb4]" started-at="2022-01-31T18:54:30 CET" name="setUp" finished-at="2022-01-31T18:54:32 CET" duration-ms="1444" status="PASS">
          <reporter-output>
          </reporter-output>
        </test-method> <!-- setUp -->
        <test-method signature="moveFromHomePageToAnother()[pri:1, instance:LinkRedirectionPageTest@71e9ddb4]" started-at="2022-01-31T18:54:32 CET" name="moveFromHomePageToAnother" finished-at="2022-01-31T18:54:34 CET" duration-ms="2115" status="PASS">
          <reporter-output>
          </reporter-output>
        </test-method> <!-- moveFromHomePageToAnother -->
        <test-method signature="checkThatStatus200IsDisplayed()[pri:2, instance:LinkRedirectionPageTest@71e9ddb4]" started-at="2022-01-31T18:54:34 CET" name="checkThatStatus200IsDisplayed" finished-at="2022-01-31T18:54:34 CET" duration-ms="236" status="PASS">
          <reporter-output>
          </reporter-output>
        </test-method> <!-- checkThatStatus200IsDisplayed -->
        <test-method signature="moveFromListStatusesPageTo200StatusDescription()[pri:3, instance:LinkRedirectionPageTest@71e9ddb4]" started-at="2022-01-31T18:54:34 CET" name="moveFromListStatusesPageTo200StatusDescription" finished-at="2022-01-31T18:54:35 CET" duration-ms="421" status="PASS">
          <reporter-output>
          </reporter-output>
        </test-method> <!-- moveFromListStatusesPageTo200StatusDescription -->
        <test-method signature="checkStatusDescription()[pri:4, instance:LinkRedirectionPageTest@71e9ddb4]" started-at="2022-01-31T18:54:35 CET" name="checkStatusDescription" finished-at="2022-01-31T18:54:35 CET" duration-ms="214" status="PASS">
          <reporter-output>
          </reporter-output>
        </test-method> <!-- checkStatusDescription -->
        <test-method signature="checkReturnToHomePage()[pri:5, instance:LinkRedirectionPageTest@71e9ddb4]" started-at="2022-01-31T18:54:35 CET" name="checkReturnToHomePage" finished-at="2022-01-31T18:54:35 CET" duration-ms="435" status="PASS">
          <reporter-output>
          </reporter-output>
        </test-method> <!-- checkReturnToHomePage -->
        <test-method is-config="true" signature="tearDown()[pri:0, instance:LinkRedirectionPageTest@71e9ddb4]" started-at="2022-01-31T18:54:35 CET" name="tearDown" finished-at="2022-01-31T18:54:35 CET" duration-ms="78" status="PASS">
          <reporter-output>
          </reporter-output>
        </test-method> <!-- tearDown -->
      </class> <!-- LinkRedirectionPageTest -->
      <class name="DynamicLoadingPageTests">
        <test-method is-config="true" signature="setUp()[pri:0, instance:DynamicLoadingPageTests@609cd4d8]" started-at="2022-01-31T18:54:17 CET" name="setUp" finished-at="2022-01-31T18:54:22 CET" duration-ms="4302" status="PASS">
          <reporter-output>
          </reporter-output>
        </test-method> <!-- setUp -->
        <test-method signature="checkLoadingBarDisplay()[pri:1, instance:DynamicLoadingPageTests@609cd4d8]" started-at="2022-01-31T18:54:22 CET" name="checkLoadingBarDisplay" finished-at="2022-01-31T18:54:22 CET" duration-ms="241" status="PASS">
          <reporter-output>
          </reporter-output>
        </test-method> <!-- checkLoadingBarDisplay -->
        <test-method signature="checkConfirmationText()[pri:2, instance:DynamicLoadingPageTests@609cd4d8]" started-at="2022-01-31T18:54:22 CET" name="checkConfirmationText" finished-at="2022-01-31T18:54:27 CET" duration-ms="5065" status="PASS">
          <reporter-output>
          </reporter-output>
        </test-method> <!-- checkConfirmationText -->
        <test-method is-config="true" signature="tearDown()[pri:0, instance:DynamicLoadingPageTests@609cd4d8]" started-at="2022-01-31T18:54:27 CET" name="tearDown" finished-at="2022-01-31T18:54:27 CET" duration-ms="88" status="PASS">
          <reporter-output>
          </reporter-output>
        </test-method> <!-- tearDown -->
      </class> <!-- DynamicLoadingPageTests -->
      <class name="HomePageTests">
        <test-method is-config="true" signature="setUp()[pri:0, instance:HomePageTests@4e50c791]" started-at="2022-01-31T18:54:27 CET" name="setUp" finished-at="2022-01-31T18:54:30 CET" duration-ms="3023" status="PASS">
          <reporter-output>
          </reporter-output>
        </test-method> <!-- setUp -->
        <test-method signature="checkDescriptionHeaderText()[pri:0, instance:HomePageTests@4e50c791]" started-at="2022-01-31T18:54:30 CET" name="checkDescriptionHeaderText" finished-at="2022-01-31T18:54:30 CET" duration-ms="99" status="FAIL">
          <exception class="java.lang.AssertionError">
            <message>
              <![CDATA[expected [Available Examples!!!!!] but found [Available Examples]]]>
            </message>
            <full-stacktrace>
              <![CDATA[java.lang.AssertionError: expected [Available Examples!!!!!] but found [Available Examples]
at org.testng.Assert.fail(Assert.java:99)
at org.testng.Assert.failNotEquals(Assert.java:1037)
at org.testng.Assert.assertEqualsImpl(Assert.java:140)
at org.testng.Assert.assertEquals(Assert.java:122)
at org.testng.Assert.assertEquals(Assert.java:629)
at org.testng.Assert.assertEquals(Assert.java:639)
at HomePageTests.checkDescriptionHeaderText(HomePageTests.java:28)
at java.base/jdk.internal.reflect.NativeMethodAccessorImpl.invoke0(Native Method)
at java.base/jdk.internal.reflect.NativeMethodAccessorImpl.invoke(NativeMethodAccessorImpl.java:62)
at java.base/jdk.internal.reflect.DelegatingMethodAccessorImpl.invoke(DelegatingMethodAccessorImpl.java:43)
at java.base/java.lang.reflect.Method.invoke(Method.java:566)
at org.testng.internal.MethodInvocationHelper.invokeMethod(MethodInvocationHelper.java:133)
at org.testng.internal.TestInvoker.invokeMethod(TestInvoker.java:598)
at org.testng.internal.TestInvoker.invokeTestMethod(TestInvoker.java:173)
at org.testng.internal.MethodRunner.runInSequence(MethodRunner.java:46)
at org.testng.internal.TestInvoker$MethodInvocationAgent.invoke(TestInvoker.java:824)
at org.testng.internal.TestInvoker.invokeTestMethods(TestInvoker.java:146)
at org.testng.internal.TestMethodWorker.invokeTestMethods(TestMethodWorker.java:146)
at org.testng.internal.TestMethodWorker.run(TestMethodWorker.java:128)
at java.base/java.util.ArrayList.forEach(ArrayList.java:1541)
at org.testng.TestRunner.privateRun(TestRunner.java:794)
at org.testng.TestRunner.run(TestRunner.java:596)
at org.testng.SuiteRunner.runTest(SuiteRunner.java:377)
at org.testng.SuiteRunner.runSequentially(SuiteRunner.java:371)
at org.testng.SuiteRunner.privateRun(SuiteRunner.java:332)
at org.testng.SuiteRunner.run(SuiteRunner.java:276)
at org.testng.SuiteRunnerWorker.runSuite(SuiteRunnerWorker.java:53)
at org.testng.SuiteRunnerWorker.run(SuiteRunnerWorker.java:96)
at org.testng.TestNG.runSuitesSequentially(TestNG.java:1212)
at org.testng.TestNG.runSuitesLocally(TestNG.java:1134)
at org.testng.TestNG.runSuites(TestNG.java:1063)
at org.testng.TestNG.run(TestNG.java:1031)
at org.apache.maven.surefire.testng.TestNGExecutor.run(TestNGExecutor.java:136)
at org.apache.maven.surefire.testng.TestNGDirectoryTestSuite.executeMulti(TestNGDirectoryTestSuite.java:193)
at org.apache.maven.surefire.testng.TestNGDirectoryTestSuite.execute(TestNGDirectoryTestSuite.java:94)
at org.apache.maven.surefire.testng.TestNGProvider.invoke(TestNGProvider.java:145)
at org.apache.maven.surefire.booter.ForkedBooter.runSuitesInProcess(ForkedBooter.java:428)
at org.apache.maven.surefire.booter.ForkedBooter.execute(ForkedBooter.java:162)
at org.apache.maven.surefire.booter.ForkedBooter.run(ForkedBooter.java:562)
at org.apache.maven.surefire.booter.ForkedBooter.main(ForkedBooter.java:548)
]]>
            </full-stacktrace>
          </exception> <!-- java.lang.AssertionError -->
          <reporter-output>
          </reporter-output>
        </test-method> <!-- checkDescriptionHeaderText -->
        <test-method signature="checkMainHeaderText()[pri:0, instance:HomePageTests@4e50c791]" started-at="2022-01-31T18:54:30 CET" name="checkMainHeaderText" finished-at="2022-01-31T18:54:30 CET" duration-ms="25" status="PASS">
          <reporter-output>
          </reporter-output>
        </test-method> <!-- checkMainHeaderText -->
        <test-method is-config="true" signature="tearDown()[pri:0, instance:HomePageTests@4e50c791]" started-at="2022-01-31T18:54:30 CET" name="tearDown" finished-at="2022-01-31T18:54:30 CET" duration-ms="80" status="PASS">
          <reporter-output>
          </reporter-output>
        </test-method> <!-- tearDown -->
      </class> <!-- HomePageTests -->
    </test> <!-- Surefire test -->
  </suite> <!-- Surefire suite -->
</testng-results>
